<?xml version="1.0" encoding="UTF-8"?>
<testsuite name="com.bridgelabz.InvoiceGeneratorTest" tests="1" skipped="0" failures="0" errors="0" timestamp="2021-08-13T11:45:00" hostname="DESKTOP-1HA67S6" time="0.008">
  <properties/>
  <testcase name="givenDistanceAndTime_ShouldReturnMinimumFare" classname="com.bridgelabz.InvoiceGeneratorTest" time="0.008"/>
  <system-out><![CDATA[]]></system-out>
  <system-err><![CDATA[]]></system-err>
</testsuite>
